<?xml version="1.0" encoding="UTF-8"?>
<!-- Generated by org.testng.reporters.JUnitReportReporter -->
<testsuite skipped="0" hostname="Nitins-Air" name="testcases.Question2" tests="1" failures="0" timestamp="25 Jun 2020 10:18:25 GMT" time="0.180" errors="0">
  <testcase name="verifyTitleAndPrintLogoSize" time="0.180" classname="testcases.Question2"/>
</testsuite> <!-- testcases.Question2 -->
