<?xml version="1.0" encoding="UTF-8"?>
<!-- Generated by org.testng.reporters.JUnitReportReporter -->
<testsuite skipped="0" hostname="Nitins-Air" name="testcases.Question1" tests="1" failures="0" timestamp="09 Jul 2020 06:15:56 GMT" time="7.157" errors="0">
  <testcase name="searchIntendedPlaceAndVerify" time="7.157" classname="testcases.Question1"/>
</testsuite> <!-- testcases.Question1 -->
