<?xml version="1.0" encoding="UTF-8"?>
<!-- Generated by org.testng.reporters.JUnitReportReporter -->
<testsuite skipped="0" hostname="Nitins-Air" name="testcases.Question1" tests="1" failures="0" timestamp="19 Jun 2020 12:29:02 GMT" time="11.937" errors="0">
  <testcase name="searchIntendedPlaceAndVerify" time="11.937" classname="testcases.Question1"/>
</testsuite> <!-- testcases.Question1 -->
