<?xml version="1.0" encoding="UTF-8"?>
<!-- Generated by org.testng.reporters.JUnitReportReporter -->
<testsuite skipped="0" hostname="Nitins-Air" name="testcases.Question1" tests="1" failures="0" timestamp="25 Jun 2020 10:18:25 GMT" time="24.884" errors="0">
  <testcase name="searchIntendedPlaceAndVerify" time="24.884" classname="testcases.Question1"/>
</testsuite> <!-- testcases.Question1 -->
